  Project_UAS_Lab_Grafika.cpp
D:\Grafika Komputer\Project_UAS_Lab_Grafika\Project_UAS_Lab_Grafika.cpp(41,23): warning C4305: 'argument': truncation from 'double' to 'GLclampf'
D:\Grafika Komputer\Project_UAS_Lab_Grafika\Project_UAS_Lab_Grafika.cpp(41,18): warning C4305: 'argument': truncation from 'double' to 'GLclampf'
D:\Grafika Komputer\Project_UAS_Lab_Grafika\Project_UAS_Lab_Grafika.cpp(54,18): warning C4305: '+=': truncation from 'double' to 'float'
D:\Grafika Komputer\Project_UAS_Lab_Grafika\Project_UAS_Lab_Grafika.cpp(55,18): warning C4305: '+=': truncation from 'double' to 'float'
D:\Grafika Komputer\Project_UAS_Lab_Grafika\Project_UAS_Lab_Grafika.cpp(85,25): warning C4305: 'argument': truncation from 'double' to 'GLfloat'
D:\Grafika Komputer\Project_UAS_Lab_Grafika\Project_UAS_Lab_Grafika.cpp(85,20): warning C4305: 'argument': truncation from 'double' to 'GLfloat'
D:\Grafika Komputer\Project_UAS_Lab_Grafika\Project_UAS_Lab_Grafika.cpp(85,15): warning C4305: 'argument': truncation from 'double' to 'GLfloat'
D:\Grafika Komputer\Project_UAS_Lab_Grafika\Project_UAS_Lab_Grafika.cpp(87,25): warning C4305: 'argument': truncation from 'double' to 'GLfloat'
D:\Grafika Komputer\Project_UAS_Lab_Grafika\Project_UAS_Lab_Grafika.cpp(87,20): warning C4305: 'argument': truncation from 'double' to 'GLfloat'
D:\Grafika Komputer\Project_UAS_Lab_Grafika\Project_UAS_Lab_Grafika.cpp(87,15): warning C4305: 'argument': truncation from 'double' to 'GLfloat'
D:\Grafika Komputer\Project_UAS_Lab_Grafika\Project_UAS_Lab_Grafika.cpp(91,25): warning C4305: 'argument': truncation from 'double' to 'GLfloat'
D:\Grafika Komputer\Project_UAS_Lab_Grafika\Project_UAS_Lab_Grafika.cpp(91,20): warning C4305: 'argument': truncation from 'double' to 'GLfloat'
D:\Grafika Komputer\Project_UAS_Lab_Grafika\Project_UAS_Lab_Grafika.cpp(91,15): warning C4305: 'argument': truncation from 'double' to 'GLfloat'
D:\Grafika Komputer\Project_UAS_Lab_Grafika\Project_UAS_Lab_Grafika.cpp(123,37): warning C4305: 'argument': truncation from 'double' to 'GLfloat'
D:\Grafika Komputer\Project_UAS_Lab_Grafika\Project_UAS_Lab_Grafika.cpp(123,32): warning C4305: 'argument': truncation from 'double' to 'GLfloat'
D:\Grafika Komputer\Project_UAS_Lab_Grafika\Project_UAS_Lab_Grafika.cpp(123,27): warning C4305: 'argument': truncation from 'double' to 'GLfloat'
D:\Grafika Komputer\Project_UAS_Lab_Grafika\Project_UAS_Lab_Grafika.cpp(126,32): warning C4244: 'argument': conversion from 'int' to 'GLfloat', possible loss of data
D:\Grafika Komputer\Project_UAS_Lab_Grafika\Project_UAS_Lab_Grafika.cpp(126,24): warning C4244: 'argument': conversion from 'int' to 'GLfloat', possible loss of data
D:\Grafika Komputer\Project_UAS_Lab_Grafika\Project_UAS_Lab_Grafika.cpp(127,39): warning C4244: 'argument': conversion from 'int' to 'GLfloat', possible loss of data
D:\Grafika Komputer\Project_UAS_Lab_Grafika\Project_UAS_Lab_Grafika.cpp(127,26): warning C4244: 'argument': conversion from 'int' to 'GLfloat', possible loss of data
D:\Grafika Komputer\Project_UAS_Lab_Grafika\Project_UAS_Lab_Grafika.cpp(128,41): warning C4244: 'argument': conversion from 'int' to 'GLfloat', possible loss of data
D:\Grafika Komputer\Project_UAS_Lab_Grafika\Project_UAS_Lab_Grafika.cpp(128,26): warning C4244: 'argument': conversion from 'int' to 'GLfloat', possible loss of data
D:\Grafika Komputer\Project_UAS_Lab_Grafika\Project_UAS_Lab_Grafika.cpp(129,34): warning C4244: 'argument': conversion from 'int' to 'GLfloat', possible loss of data
D:\Grafika Komputer\Project_UAS_Lab_Grafika\Project_UAS_Lab_Grafika.cpp(129,24): warning C4244: 'argument': conversion from 'int' to 'GLfloat', possible loss of data
D:\Grafika Komputer\Project_UAS_Lab_Grafika\Project_UAS_Lab_Grafika.cpp(139,25): warning C4305: 'argument': truncation from 'double' to 'GLfloat'
D:\Grafika Komputer\Project_UAS_Lab_Grafika\Project_UAS_Lab_Grafika.cpp(139,20): warning C4305: 'argument': truncation from 'double' to 'GLfloat'
D:\Grafika Komputer\Project_UAS_Lab_Grafika\Project_UAS_Lab_Grafika.cpp(139,15): warning C4305: 'argument': truncation from 'double' to 'GLfloat'
D:\Grafika Komputer\Project_UAS_Lab_Grafika\Project_UAS_Lab_Grafika.cpp(148,21): warning C4244: 'initializing': conversion from 'double' to 'float', possible loss of data
D:\Grafika Komputer\Project_UAS_Lab_Grafika\Project_UAS_Lab_Grafika.cpp(150,17): warning C4244: 'initializing': conversion from 'double' to 'float', possible loss of data
D:\Grafika Komputer\Project_UAS_Lab_Grafika\Project_UAS_Lab_Grafika.cpp(151,17): warning C4244: 'initializing': conversion from 'double' to 'float', possible loss of data
D:\Grafika Komputer\Project_UAS_Lab_Grafika\Project_UAS_Lab_Grafika.cpp(188,26): warning C4305: 'argument': truncation from 'double' to 'GLfloat'
D:\Grafika Komputer\Project_UAS_Lab_Grafika\Project_UAS_Lab_Grafika.cpp(190,26): warning C4305: 'argument': truncation from 'double' to 'GLfloat'
D:\Grafika Komputer\Project_UAS_Lab_Grafika\Project_UAS_Lab_Grafika.cpp(192,26): warning C4305: 'argument': truncation from 'double' to 'GLfloat'
D:\Grafika Komputer\Project_UAS_Lab_Grafika\Project_UAS_Lab_Grafika.cpp(194,26): warning C4305: 'argument': truncation from 'double' to 'GLfloat'
D:\Grafika Komputer\Project_UAS_Lab_Grafika\Project_UAS_Lab_Grafika.cpp(200,26): warning C4305: 'argument': truncation from 'double' to 'GLfloat'
D:\Grafika Komputer\Project_UAS_Lab_Grafika\Project_UAS_Lab_Grafika.cpp(201,26): warning C4305: 'argument': truncation from 'double' to 'GLfloat'
D:\Grafika Komputer\Project_UAS_Lab_Grafika\Project_UAS_Lab_Grafika.cpp(202,26): warning C4305: 'argument': truncation from 'double' to 'GLfloat'
D:\Grafika Komputer\Project_UAS_Lab_Grafika\Project_UAS_Lab_Grafika.cpp(209,26): warning C4305: 'argument': truncation from 'double' to 'GLfloat'
D:\Grafika Komputer\Project_UAS_Lab_Grafika\Project_UAS_Lab_Grafika.cpp(211,26): warning C4305: 'argument': truncation from 'double' to 'GLfloat'
D:\Grafika Komputer\Project_UAS_Lab_Grafika\Project_UAS_Lab_Grafika.cpp(213,26): warning C4305: 'argument': truncation from 'double' to 'GLfloat'
D:\Grafika Komputer\Project_UAS_Lab_Grafika\Project_UAS_Lab_Grafika.cpp(215,26): warning C4305: 'argument': truncation from 'double' to 'GLfloat'
D:\Grafika Komputer\Project_UAS_Lab_Grafika\Project_UAS_Lab_Grafika.cpp(221,26): warning C4305: 'argument': truncation from 'double' to 'GLfloat'
D:\Grafika Komputer\Project_UAS_Lab_Grafika\Project_UAS_Lab_Grafika.cpp(222,26): warning C4305: 'argument': truncation from 'double' to 'GLfloat'
D:\Grafika Komputer\Project_UAS_Lab_Grafika\Project_UAS_Lab_Grafika.cpp(223,26): warning C4305: 'argument': truncation from 'double' to 'GLfloat'
D:\Grafika Komputer\Project_UAS_Lab_Grafika\Project_UAS_Lab_Grafika.cpp(230,25): warning C4305: 'argument': truncation from 'double' to 'GLfloat'
D:\Grafika Komputer\Project_UAS_Lab_Grafika\Project_UAS_Lab_Grafika.cpp(232,25): warning C4305: 'argument': truncation from 'double' to 'GLfloat'
D:\Grafika Komputer\Project_UAS_Lab_Grafika\Project_UAS_Lab_Grafika.cpp(234,25): warning C4305: 'argument': truncation from 'double' to 'GLfloat'
D:\Grafika Komputer\Project_UAS_Lab_Grafika\Project_UAS_Lab_Grafika.cpp(236,25): warning C4305: 'argument': truncation from 'double' to 'GLfloat'
D:\Grafika Komputer\Project_UAS_Lab_Grafika\Project_UAS_Lab_Grafika.cpp(242,25): warning C4305: 'argument': truncation from 'double' to 'GLfloat'
D:\Grafika Komputer\Project_UAS_Lab_Grafika\Project_UAS_Lab_Grafika.cpp(243,25): warning C4305: 'argument': truncation from 'double' to 'GLfloat'
D:\Grafika Komputer\Project_UAS_Lab_Grafika\Project_UAS_Lab_Grafika.cpp(244,25): warning C4305: 'argument': truncation from 'double' to 'GLfloat'
D:\Grafika Komputer\Project_UAS_Lab_Grafika\Project_UAS_Lab_Grafika.cpp(251,25): warning C4305: 'argument': truncation from 'double' to 'GLfloat'
D:\Grafika Komputer\Project_UAS_Lab_Grafika\Project_UAS_Lab_Grafika.cpp(253,25): warning C4305: 'argument': truncation from 'double' to 'GLfloat'
D:\Grafika Komputer\Project_UAS_Lab_Grafika\Project_UAS_Lab_Grafika.cpp(255,25): warning C4305: 'argument': truncation from 'double' to 'GLfloat'
D:\Grafika Komputer\Project_UAS_Lab_Grafika\Project_UAS_Lab_Grafika.cpp(257,25): warning C4305: 'argument': truncation from 'double' to 'GLfloat'
D:\Grafika Komputer\Project_UAS_Lab_Grafika\Project_UAS_Lab_Grafika.cpp(263,25): warning C4305: 'argument': truncation from 'double' to 'GLfloat'
D:\Grafika Komputer\Project_UAS_Lab_Grafika\Project_UAS_Lab_Grafika.cpp(264,25): warning C4305: 'argument': truncation from 'double' to 'GLfloat'
D:\Grafika Komputer\Project_UAS_Lab_Grafika\Project_UAS_Lab_Grafika.cpp(265,25): warning C4305: 'argument': truncation from 'double' to 'GLfloat'
D:\Grafika Komputer\Project_UAS_Lab_Grafika\Project_UAS_Lab_Grafika.cpp(272,25): warning C4305: 'argument': truncation from 'double' to 'GLfloat'
D:\Grafika Komputer\Project_UAS_Lab_Grafika\Project_UAS_Lab_Grafika.cpp(272,20): warning C4305: 'argument': truncation from 'double' to 'GLfloat'
D:\Grafika Komputer\Project_UAS_Lab_Grafika\Project_UAS_Lab_Grafika.cpp(281,28): warning C4305: 'argument': truncation from 'double' to 'GLfloat'
D:\Grafika Komputer\Project_UAS_Lab_Grafika\Project_UAS_Lab_Grafika.cpp(282,27): warning C4305: 'argument': truncation from 'double' to 'GLfloat'
D:\Grafika Komputer\Project_UAS_Lab_Grafika\Project_UAS_Lab_Grafika.cpp(283,26): warning C4305: 'argument': truncation from 'double' to 'GLfloat'
D:\Grafika Komputer\Project_UAS_Lab_Grafika\Project_UAS_Lab_Grafika.cpp(284,27): warning C4305: 'argument': truncation from 'double' to 'GLfloat'
D:\Grafika Komputer\Project_UAS_Lab_Grafika\Project_UAS_Lab_Grafika.cpp(287,17): warning C4305: 'argument': truncation from 'double' to 'GLfloat'
D:\Grafika Komputer\Project_UAS_Lab_Grafika\Project_UAS_Lab_Grafika.cpp(288,17): warning C4305: 'argument': truncation from 'double' to 'GLfloat'
D:\Grafika Komputer\Project_UAS_Lab_Grafika\Project_UAS_Lab_Grafika.cpp(289,29): warning C4305: 'argument': truncation from 'double' to 'GLfloat'
D:\Grafika Komputer\Project_UAS_Lab_Grafika\Project_UAS_Lab_Grafika.cpp(289,17): warning C4305: 'argument': truncation from 'double' to 'GLfloat'
D:\Grafika Komputer\Project_UAS_Lab_Grafika\Project_UAS_Lab_Grafika.cpp(290,30): warning C4305: 'argument': truncation from 'double' to 'GLfloat'
D:\Grafika Komputer\Project_UAS_Lab_Grafika\Project_UAS_Lab_Grafika.cpp(290,17): warning C4305: 'argument': truncation from 'double' to 'GLfloat'
D:\Grafika Komputer\Project_UAS_Lab_Grafika\Project_UAS_Lab_Grafika.cpp(293,25): warning C4305: 'argument': truncation from 'double' to 'GLfloat'
D:\Grafika Komputer\Project_UAS_Lab_Grafika\Project_UAS_Lab_Grafika.cpp(293,20): warning C4305: 'argument': truncation from 'double' to 'GLfloat'
D:\Grafika Komputer\Project_UAS_Lab_Grafika\Project_UAS_Lab_Grafika.cpp(293,15): warning C4305: 'argument': truncation from 'double' to 'GLfloat'
D:\Grafika Komputer\Project_UAS_Lab_Grafika\Project_UAS_Lab_Grafika.cpp(296,26): warning C4305: 'argument': truncation from 'double' to 'GLfloat'
D:\Grafika Komputer\Project_UAS_Lab_Grafika\Project_UAS_Lab_Grafika.cpp(297,27): warning C4305: 'argument': truncation from 'double' to 'GLfloat'
D:\Grafika Komputer\Project_UAS_Lab_Grafika\Project_UAS_Lab_Grafika.cpp(300,25): warning C4305: 'argument': truncation from 'double' to 'GLfloat'
D:\Grafika Komputer\Project_UAS_Lab_Grafika\Project_UAS_Lab_Grafika.cpp(300,20): warning C4305: 'argument': truncation from 'double' to 'GLfloat'
D:\Grafika Komputer\Project_UAS_Lab_Grafika\Project_UAS_Lab_Grafika.cpp(300,15): warning C4305: 'argument': truncation from 'double' to 'GLfloat'
D:\Grafika Komputer\Project_UAS_Lab_Grafika\Project_UAS_Lab_Grafika.cpp(303,26): warning C4305: 'argument': truncation from 'double' to 'GLfloat'
D:\Grafika Komputer\Project_UAS_Lab_Grafika\Project_UAS_Lab_Grafika.cpp(304,27): warning C4305: 'argument': truncation from 'double' to 'GLfloat'
D:\Grafika Komputer\Project_UAS_Lab_Grafika\Project_UAS_Lab_Grafika.cpp(307,25): warning C4305: 'argument': truncation from 'double' to 'GLfloat'
D:\Grafika Komputer\Project_UAS_Lab_Grafika\Project_UAS_Lab_Grafika.cpp(307,20): warning C4305: 'argument': truncation from 'double' to 'GLfloat'
D:\Grafika Komputer\Project_UAS_Lab_Grafika\Project_UAS_Lab_Grafika.cpp(307,15): warning C4305: 'argument': truncation from 'double' to 'GLfloat'
D:\Grafika Komputer\Project_UAS_Lab_Grafika\Project_UAS_Lab_Grafika.cpp(309,28): warning C4305: 'argument': truncation from 'double' to 'GLfloat'
D:\Grafika Komputer\Project_UAS_Lab_Grafika\Project_UAS_Lab_Grafika.cpp(310,28): warning C4305: 'argument': truncation from 'double' to 'GLfloat'
D:\Grafika Komputer\Project_UAS_Lab_Grafika\Project_UAS_Lab_Grafika.cpp(311,27): warning C4305: 'argument': truncation from 'double' to 'GLfloat'
D:\Grafika Komputer\Project_UAS_Lab_Grafika\Project_UAS_Lab_Grafika.cpp(312,27): warning C4305: 'argument': truncation from 'double' to 'GLfloat'
D:\Grafika Komputer\Project_UAS_Lab_Grafika\Project_UAS_Lab_Grafika.cpp(316,25): warning C4305: 'argument': truncation from 'double' to 'GLfloat'
D:\Grafika Komputer\Project_UAS_Lab_Grafika\Project_UAS_Lab_Grafika.cpp(316,20): warning C4305: 'argument': truncation from 'double' to 'GLfloat'
D:\Grafika Komputer\Project_UAS_Lab_Grafika\Project_UAS_Lab_Grafika.cpp(316,15): warning C4305: 'argument': truncation from 'double' to 'GLfloat'
D:\Grafika Komputer\Project_UAS_Lab_Grafika\Project_UAS_Lab_Grafika.cpp(318,27): warning C4305: 'argument': truncation from 'double' to 'GLfloat'
D:\Grafika Komputer\Project_UAS_Lab_Grafika\Project_UAS_Lab_Grafika.cpp(319,27): warning C4305: 'argument': truncation from 'double' to 'GLfloat'
D:\Grafika Komputer\Project_UAS_Lab_Grafika\Project_UAS_Lab_Grafika.cpp(320,26): warning C4305: 'argument': truncation from 'double' to 'GLfloat'
D:\Grafika Komputer\Project_UAS_Lab_Grafika\Project_UAS_Lab_Grafika.cpp(321,26): warning C4305: 'argument': truncation from 'double' to 'GLfloat'
D:\Grafika Komputer\Project_UAS_Lab_Grafika\Project_UAS_Lab_Grafika.cpp(328,25): warning C4305: 'argument': truncation from 'double' to 'GLfloat'
D:\Grafika Komputer\Project_UAS_Lab_Grafika\Project_UAS_Lab_Grafika.cpp(331,25): warning C4305: 'argument': truncation from 'double' to 'GLfloat'
D:\Grafika Komputer\Project_UAS_Lab_Grafika\Project_UAS_Lab_Grafika.cpp(331,20): warning C4305: 'argument': truncation from 'double' to 'GLfloat'
D:\Grafika Komputer\Project_UAS_Lab_Grafika\Project_UAS_Lab_Grafika.cpp(335,25): warning C4305: 'argument': truncation from 'double' to 'GLfloat'
D:\Grafika Komputer\Project_UAS_Lab_Grafika\Project_UAS_Lab_Grafika.cpp(335,20): warning C4305: 'argument': truncation from 'double' to 'GLfloat'
D:\Grafika Komputer\Project_UAS_Lab_Grafika\Project_UAS_Lab_Grafika.cpp(335,15): warning C4305: 'argument': truncation from 'double' to 'GLfloat'
D:\Grafika Komputer\Project_UAS_Lab_Grafika\Project_UAS_Lab_Grafika.cpp(366,25): warning C4305: 'argument': truncation from 'double' to 'GLfloat'
D:\Grafika Komputer\Project_UAS_Lab_Grafika\Project_UAS_Lab_Grafika.cpp(368,25): warning C4305: 'argument': truncation from 'double' to 'GLfloat'
D:\Grafika Komputer\Project_UAS_Lab_Grafika\Project_UAS_Lab_Grafika.cpp(368,20): warning C4305: 'argument': truncation from 'double' to 'GLfloat'
D:\Grafika Komputer\Project_UAS_Lab_Grafika\Project_UAS_Lab_Grafika.cpp(371,25): warning C4305: 'argument': truncation from 'double' to 'GLfloat'
D:\Grafika Komputer\Project_UAS_Lab_Grafika\Project_UAS_Lab_Grafika.cpp(374,25): warning C4305: 'argument': truncation from 'double' to 'GLfloat'
D:\Grafika Komputer\Project_UAS_Lab_Grafika\Project_UAS_Lab_Grafika.cpp(374,15): warning C4305: 'argument': truncation from 'double' to 'GLfloat'
D:\Grafika Komputer\Project_UAS_Lab_Grafika\Project_UAS_Lab_Grafika.cpp(380,25): warning C4305: 'argument': truncation from 'double' to 'GLfloat'
D:\Grafika Komputer\Project_UAS_Lab_Grafika\Project_UAS_Lab_Grafika.cpp(380,15): warning C4305: 'argument': truncation from 'double' to 'GLfloat'
D:\Grafika Komputer\Project_UAS_Lab_Grafika\Project_UAS_Lab_Grafika.cpp(386,25): warning C4305: 'argument': truncation from 'double' to 'GLfloat'
D:\Grafika Komputer\Project_UAS_Lab_Grafika\Project_UAS_Lab_Grafika.cpp(386,15): warning C4305: 'argument': truncation from 'double' to 'GLfloat'
D:\Grafika Komputer\Project_UAS_Lab_Grafika\Project_UAS_Lab_Grafika.cpp(392,25): warning C4305: 'argument': truncation from 'double' to 'GLfloat'
D:\Grafika Komputer\Project_UAS_Lab_Grafika\Project_UAS_Lab_Grafika.cpp(392,15): warning C4305: 'argument': truncation from 'double' to 'GLfloat'
D:\Grafika Komputer\Project_UAS_Lab_Grafika\Project_UAS_Lab_Grafika.cpp(398,25): warning C4305: 'argument': truncation from 'double' to 'GLfloat'
D:\Grafika Komputer\Project_UAS_Lab_Grafika\Project_UAS_Lab_Grafika.cpp(404,25): warning C4305: 'argument': truncation from 'double' to 'GLfloat'
D:\Grafika Komputer\Project_UAS_Lab_Grafika\Project_UAS_Lab_Grafika.cpp(407,25): warning C4305: 'argument': truncation from 'double' to 'GLfloat'
D:\Grafika Komputer\Project_UAS_Lab_Grafika\Project_UAS_Lab_Grafika.cpp(407,20): warning C4305: 'argument': truncation from 'double' to 'GLfloat'
D:\Grafika Komputer\Project_UAS_Lab_Grafika\Project_UAS_Lab_Grafika.cpp(416,25): warning C4305: 'argument': truncation from 'double' to 'GLfloat'
D:\Grafika Komputer\Project_UAS_Lab_Grafika\Project_UAS_Lab_Grafika.cpp(422,25): warning C4305: 'argument': truncation from 'double' to 'GLfloat'
D:\Grafika Komputer\Project_UAS_Lab_Grafika\Project_UAS_Lab_Grafika.cpp(422,15): warning C4305: 'argument': truncation from 'double' to 'GLfloat'
D:\Grafika Komputer\Project_UAS_Lab_Grafika\Project_UAS_Lab_Grafika.cpp(451,25): warning C4305: 'argument': truncation from 'double' to 'GLfloat'
D:\Grafika Komputer\Project_UAS_Lab_Grafika\Project_UAS_Lab_Grafika.cpp(457,25): warning C4305: 'argument': truncation from 'double' to 'GLfloat'
D:\Grafika Komputer\Project_UAS_Lab_Grafika\Project_UAS_Lab_Grafika.cpp(457,15): warning C4305: 'argument': truncation from 'double' to 'GLfloat'
D:\Grafika Komputer\Project_UAS_Lab_Grafika\Project_UAS_Lab_Grafika.cpp(488,25): warning C4305: 'argument': truncation from 'double' to 'GLfloat'
D:\Grafika Komputer\Project_UAS_Lab_Grafika\Project_UAS_Lab_Grafika.cpp(488,20): warning C4305: 'argument': truncation from 'double' to 'GLfloat'
D:\Grafika Komputer\Project_UAS_Lab_Grafika\Project_UAS_Lab_Grafika.cpp(495,25): warning C4305: 'argument': truncation from 'double' to 'GLfloat'
D:\Grafika Komputer\Project_UAS_Lab_Grafika\Project_UAS_Lab_Grafika.cpp(495,20): warning C4305: 'argument': truncation from 'double' to 'GLfloat'
D:\Grafika Komputer\Project_UAS_Lab_Grafika\Project_UAS_Lab_Grafika.cpp(502,15): warning C4305: 'argument': truncation from 'double' to 'GLfloat'
D:\Grafika Komputer\Project_UAS_Lab_Grafika\Project_UAS_Lab_Grafika.cpp(509,15): warning C4305: 'argument': truncation from 'double' to 'GLfloat'
D:\Grafika Komputer\Project_UAS_Lab_Grafika\Project_UAS_Lab_Grafika.cpp(516,25): warning C4305: 'argument': truncation from 'double' to 'GLfloat'
D:\Grafika Komputer\Project_UAS_Lab_Grafika\Project_UAS_Lab_Grafika.cpp(516,20): warning C4305: 'argument': truncation from 'double' to 'GLfloat'
D:\Grafika Komputer\Project_UAS_Lab_Grafika\Project_UAS_Lab_Grafika.cpp(516,15): warning C4305: 'argument': truncation from 'double' to 'GLfloat'
D:\Grafika Komputer\Project_UAS_Lab_Grafika\Project_UAS_Lab_Grafika.cpp(523,25): warning C4305: 'argument': truncation from 'double' to 'GLfloat'
D:\Grafika Komputer\Project_UAS_Lab_Grafika\Project_UAS_Lab_Grafika.cpp(523,20): warning C4305: 'argument': truncation from 'double' to 'GLfloat'
D:\Grafika Komputer\Project_UAS_Lab_Grafika\Project_UAS_Lab_Grafika.cpp(523,15): warning C4305: 'argument': truncation from 'double' to 'GLfloat'
D:\Grafika Komputer\Project_UAS_Lab_Grafika\Project_UAS_Lab_Grafika.cpp(532,25): warning C4305: 'argument': truncation from 'double' to 'GLfloat'
D:\Grafika Komputer\Project_UAS_Lab_Grafika\Project_UAS_Lab_Grafika.cpp(532,20): warning C4305: 'argument': truncation from 'double' to 'GLfloat'
D:\Grafika Komputer\Project_UAS_Lab_Grafika\Project_UAS_Lab_Grafika.cpp(532,15): warning C4305: 'argument': truncation from 'double' to 'GLfloat'
D:\Grafika Komputer\Project_UAS_Lab_Grafika\Project_UAS_Lab_Grafika.cpp(539,25): warning C4305: 'argument': truncation from 'double' to 'GLfloat'
D:\Grafika Komputer\Project_UAS_Lab_Grafika\Project_UAS_Lab_Grafika.cpp(539,20): warning C4305: 'argument': truncation from 'double' to 'GLfloat'
D:\Grafika Komputer\Project_UAS_Lab_Grafika\Project_UAS_Lab_Grafika.cpp(539,15): warning C4305: 'argument': truncation from 'double' to 'GLfloat'
D:\Grafika Komputer\Project_UAS_Lab_Grafika\Project_UAS_Lab_Grafika.cpp(546,15): warning C4305: 'argument': truncation from 'double' to 'GLfloat'
D:\Grafika Komputer\Project_UAS_Lab_Grafika\Project_UAS_Lab_Grafika.cpp(553,15): warning C4305: 'argument': truncation from 'double' to 'GLfloat'
D:\Grafika Komputer\Project_UAS_Lab_Grafika\Project_UAS_Lab_Grafika.cpp(562,25): warning C4305: 'argument': truncation from 'double' to 'GLfloat'
D:\Grafika Komputer\Project_UAS_Lab_Grafika\Project_UAS_Lab_Grafika.cpp(562,20): warning C4305: 'argument': truncation from 'double' to 'GLfloat'
D:\Grafika Komputer\Project_UAS_Lab_Grafika\Project_UAS_Lab_Grafika.cpp(562,15): warning C4305: 'argument': truncation from 'double' to 'GLfloat'
D:\Grafika Komputer\Project_UAS_Lab_Grafika\Project_UAS_Lab_Grafika.cpp(569,25): warning C4305: 'argument': truncation from 'double' to 'GLfloat'
D:\Grafika Komputer\Project_UAS_Lab_Grafika\Project_UAS_Lab_Grafika.cpp(569,20): warning C4305: 'argument': truncation from 'double' to 'GLfloat'
D:\Grafika Komputer\Project_UAS_Lab_Grafika\Project_UAS_Lab_Grafika.cpp(569,15): warning C4305: 'argument': truncation from 'double' to 'GLfloat'
D:\Grafika Komputer\Project_UAS_Lab_Grafika\Project_UAS_Lab_Grafika.cpp(576,15): warning C4305: 'argument': truncation from 'double' to 'GLfloat'
D:\Grafika Komputer\Project_UAS_Lab_Grafika\Project_UAS_Lab_Grafika.cpp(583,15): warning C4305: 'argument': truncation from 'double' to 'GLfloat'
D:\Grafika Komputer\Project_UAS_Lab_Grafika\Project_UAS_Lab_Grafika.cpp(592,25): warning C4305: 'argument': truncation from 'double' to 'GLfloat'
D:\Grafika Komputer\Project_UAS_Lab_Grafika\Project_UAS_Lab_Grafika.cpp(592,20): warning C4305: 'argument': truncation from 'double' to 'GLfloat'
D:\Grafika Komputer\Project_UAS_Lab_Grafika\Project_UAS_Lab_Grafika.cpp(592,15): warning C4305: 'argument': truncation from 'double' to 'GLfloat'
D:\Grafika Komputer\Project_UAS_Lab_Grafika\Project_UAS_Lab_Grafika.cpp(599,25): warning C4305: 'argument': truncation from 'double' to 'GLfloat'
D:\Grafika Komputer\Project_UAS_Lab_Grafika\Project_UAS_Lab_Grafika.cpp(599,20): warning C4305: 'argument': truncation from 'double' to 'GLfloat'
D:\Grafika Komputer\Project_UAS_Lab_Grafika\Project_UAS_Lab_Grafika.cpp(599,15): warning C4305: 'argument': truncation from 'double' to 'GLfloat'
D:\Grafika Komputer\Project_UAS_Lab_Grafika\Project_UAS_Lab_Grafika.cpp(606,15): warning C4305: 'argument': truncation from 'double' to 'GLfloat'
D:\Grafika Komputer\Project_UAS_Lab_Grafika\Project_UAS_Lab_Grafika.cpp(613,15): warning C4305: 'argument': truncation from 'double' to 'GLfloat'
D:\Grafika Komputer\Project_UAS_Lab_Grafika\Project_UAS_Lab_Grafika.cpp(622,25): warning C4305: 'argument': truncation from 'double' to 'GLfloat'
D:\Grafika Komputer\Project_UAS_Lab_Grafika\Project_UAS_Lab_Grafika.cpp(622,20): warning C4305: 'argument': truncation from 'double' to 'GLfloat'
D:\Grafika Komputer\Project_UAS_Lab_Grafika\Project_UAS_Lab_Grafika.cpp(622,15): warning C4305: 'argument': truncation from 'double' to 'GLfloat'
D:\Grafika Komputer\Project_UAS_Lab_Grafika\Project_UAS_Lab_Grafika.cpp(629,25): warning C4305: 'argument': truncation from 'double' to 'GLfloat'
D:\Grafika Komputer\Project_UAS_Lab_Grafika\Project_UAS_Lab_Grafika.cpp(629,20): warning C4305: 'argument': truncation from 'double' to 'GLfloat'
D:\Grafika Komputer\Project_UAS_Lab_Grafika\Project_UAS_Lab_Grafika.cpp(629,15): warning C4305: 'argument': truncation from 'double' to 'GLfloat'
D:\Grafika Komputer\Project_UAS_Lab_Grafika\Project_UAS_Lab_Grafika.cpp(636,15): warning C4305: 'argument': truncation from 'double' to 'GLfloat'
D:\Grafika Komputer\Project_UAS_Lab_Grafika\Project_UAS_Lab_Grafika.cpp(643,15): warning C4305: 'argument': truncation from 'double' to 'GLfloat'
D:\Grafika Komputer\Project_UAS_Lab_Grafika\Project_UAS_Lab_Grafika.cpp(654,20): warning C4305: 'argument': truncation from 'double' to 'GLfloat'
D:\Grafika Komputer\Project_UAS_Lab_Grafika\Project_UAS_Lab_Grafika.cpp(654,15): warning C4305: 'argument': truncation from 'double' to 'GLfloat'
D:\Grafika Komputer\Project_UAS_Lab_Grafika\Project_UAS_Lab_Grafika.cpp(661,20): warning C4305: 'argument': truncation from 'double' to 'GLfloat'
D:\Grafika Komputer\Project_UAS_Lab_Grafika\Project_UAS_Lab_Grafika.cpp(661,15): warning C4305: 'argument': truncation from 'double' to 'GLfloat'
D:\Grafika Komputer\Project_UAS_Lab_Grafika\Project_UAS_Lab_Grafika.cpp(682,20): warning C4305: 'argument': truncation from 'double' to 'GLfloat'
D:\Grafika Komputer\Project_UAS_Lab_Grafika\Project_UAS_Lab_Grafika.cpp(682,15): warning C4305: 'argument': truncation from 'double' to 'GLfloat'
D:\Grafika Komputer\Project_UAS_Lab_Grafika\Project_UAS_Lab_Grafika.cpp(689,20): warning C4305: 'argument': truncation from 'double' to 'GLfloat'
D:\Grafika Komputer\Project_UAS_Lab_Grafika\Project_UAS_Lab_Grafika.cpp(689,15): warning C4305: 'argument': truncation from 'double' to 'GLfloat'
D:\Grafika Komputer\Project_UAS_Lab_Grafika\Project_UAS_Lab_Grafika.cpp(698,20): warning C4305: 'argument': truncation from 'double' to 'GLfloat'
D:\Grafika Komputer\Project_UAS_Lab_Grafika\Project_UAS_Lab_Grafika.cpp(698,15): warning C4305: 'argument': truncation from 'double' to 'GLfloat'
D:\Grafika Komputer\Project_UAS_Lab_Grafika\Project_UAS_Lab_Grafika.cpp(705,20): warning C4305: 'argument': truncation from 'double' to 'GLfloat'
D:\Grafika Komputer\Project_UAS_Lab_Grafika\Project_UAS_Lab_Grafika.cpp(705,15): warning C4305: 'argument': truncation from 'double' to 'GLfloat'
D:\Grafika Komputer\Project_UAS_Lab_Grafika\Project_UAS_Lab_Grafika.cpp(728,20): warning C4305: 'argument': truncation from 'double' to 'GLfloat'
D:\Grafika Komputer\Project_UAS_Lab_Grafika\Project_UAS_Lab_Grafika.cpp(728,15): warning C4305: 'argument': truncation from 'double' to 'GLfloat'
D:\Grafika Komputer\Project_UAS_Lab_Grafika\Project_UAS_Lab_Grafika.cpp(735,20): warning C4305: 'argument': truncation from 'double' to 'GLfloat'
D:\Grafika Komputer\Project_UAS_Lab_Grafika\Project_UAS_Lab_Grafika.cpp(735,15): warning C4305: 'argument': truncation from 'double' to 'GLfloat'
D:\Grafika Komputer\Project_UAS_Lab_Grafika\Project_UAS_Lab_Grafika.cpp(742,20): warning C4305: 'argument': truncation from 'double' to 'GLfloat'
D:\Grafika Komputer\Project_UAS_Lab_Grafika\Project_UAS_Lab_Grafika.cpp(742,15): warning C4305: 'argument': truncation from 'double' to 'GLfloat'
D:\Grafika Komputer\Project_UAS_Lab_Grafika\Project_UAS_Lab_Grafika.cpp(765,20): warning C4305: 'argument': truncation from 'double' to 'GLfloat'
D:\Grafika Komputer\Project_UAS_Lab_Grafika\Project_UAS_Lab_Grafika.cpp(765,15): warning C4305: 'argument': truncation from 'double' to 'GLfloat'
D:\Grafika Komputer\Project_UAS_Lab_Grafika\Project_UAS_Lab_Grafika.cpp(772,20): warning C4305: 'argument': truncation from 'double' to 'GLfloat'
D:\Grafika Komputer\Project_UAS_Lab_Grafika\Project_UAS_Lab_Grafika.cpp(772,15): warning C4305: 'argument': truncation from 'double' to 'GLfloat'
D:\Grafika Komputer\Project_UAS_Lab_Grafika\Project_UAS_Lab_Grafika.cpp(795,20): warning C4305: 'argument': truncation from 'double' to 'GLfloat'
D:\Grafika Komputer\Project_UAS_Lab_Grafika\Project_UAS_Lab_Grafika.cpp(795,15): warning C4305: 'argument': truncation from 'double' to 'GLfloat'
D:\Grafika Komputer\Project_UAS_Lab_Grafika\Project_UAS_Lab_Grafika.cpp(802,20): warning C4305: 'argument': truncation from 'double' to 'GLfloat'
D:\Grafika Komputer\Project_UAS_Lab_Grafika\Project_UAS_Lab_Grafika.cpp(802,15): warning C4305: 'argument': truncation from 'double' to 'GLfloat'
D:\Grafika Komputer\Project_UAS_Lab_Grafika\Project_UAS_Lab_Grafika.cpp(809,20): warning C4305: 'argument': truncation from 'double' to 'GLfloat'
D:\Grafika Komputer\Project_UAS_Lab_Grafika\Project_UAS_Lab_Grafika.cpp(809,15): warning C4305: 'argument': truncation from 'double' to 'GLfloat'
D:\Grafika Komputer\Project_UAS_Lab_Grafika\Project_UAS_Lab_Grafika.cpp(832,20): warning C4305: 'argument': truncation from 'double' to 'GLfloat'
D:\Grafika Komputer\Project_UAS_Lab_Grafika\Project_UAS_Lab_Grafika.cpp(832,15): warning C4305: 'argument': truncation from 'double' to 'GLfloat'
D:\Grafika Komputer\Project_UAS_Lab_Grafika\Project_UAS_Lab_Grafika.cpp(839,20): warning C4305: 'argument': truncation from 'double' to 'GLfloat'
D:\Grafika Komputer\Project_UAS_Lab_Grafika\Project_UAS_Lab_Grafika.cpp(839,15): warning C4305: 'argument': truncation from 'double' to 'GLfloat'
D:\Grafika Komputer\Project_UAS_Lab_Grafika\Project_UAS_Lab_Grafika.cpp(846,20): warning C4305: 'argument': truncation from 'double' to 'GLfloat'
D:\Grafika Komputer\Project_UAS_Lab_Grafika\Project_UAS_Lab_Grafika.cpp(846,15): warning C4305: 'argument': truncation from 'double' to 'GLfloat'
D:\Grafika Komputer\Project_UAS_Lab_Grafika\Project_UAS_Lab_Grafika.cpp(853,20): warning C4305: 'argument': truncation from 'double' to 'GLfloat'
D:\Grafika Komputer\Project_UAS_Lab_Grafika\Project_UAS_Lab_Grafika.cpp(853,15): warning C4305: 'argument': truncation from 'double' to 'GLfloat'
D:\Grafika Komputer\Project_UAS_Lab_Grafika\Project_UAS_Lab_Grafika.cpp(872,24): warning C4305: '-=': truncation from 'double' to 'float'
  Project_UAS_Lab_Grafika.vcxproj -> D:\Grafika Komputer\Project_UAS_Lab_Grafika\Debug\Project_UAS_Lab_Grafika.exe
